2014-05-19 19:33:48,656 INFO: microblog startup [in /home/fthomas/Dokumente/Flask/microblog/app/__init__.py:36]
2014-05-20 15:18:41,657 INFO: microblog startup [in /home/fthomas/Dokumente/Flask/microblog/app/__init__.py:36]
2014-05-20 15:18:41,908 INFO: microblog startup [in /home/fthomas/Dokumente/Flask/microblog/app/__init__.py:36]
2014-05-20 15:24:29,770 INFO: microblog startup [in /home/fthomas/Dokumente/Flask/microblog/app/__init__.py:36]
2014-05-20 15:28:37,732 INFO: microblog startup [in /home/fthomas/Dokumente/Flask/microblog/app/__init__.py:36]
2014-05-20 15:28:40,813 INFO: microblog startup [in /home/fthomas/Dokumente/Flask/microblog/app/__init__.py:36]
2014-05-20 15:28:40,992 INFO: microblog startup [in /home/fthomas/Dokumente/Flask/microblog/app/__init__.py:36]
2014-05-20 15:30:53,701 INFO: microblog startup [in /home/fthomas/Dokumente/Flask/microblog/app/__init__.py:36]
2014-05-20 15:34:11,989 INFO: microblog startup [in /home/fthomas/Dokumente/Flask/microblog/app/__init__.py:36]
2014-05-20 15:34:16,184 INFO: microblog startup [in /home/fthomas/Dokumente/Flask/microblog/app/__init__.py:36]
2014-05-20 15:34:16,366 INFO: microblog startup [in /home/fthomas/Dokumente/Flask/microblog/app/__init__.py:36]
2014-05-20 15:36:34,066 INFO: microblog startup [in /home/fthomas/Dokumente/Flask/microblog/app/__init__.py:36]
2014-05-20 15:45:00,659 INFO: microblog startup [in /home/fthomas/Dokumente/Flask/microblog/app/__init__.py:36]
2014-05-20 15:45:35,362 INFO: microblog startup [in /home/fthomas/Dokumente/Flask/microblog/app/__init__.py:36]
2014-05-20 15:48:01,149 INFO: microblog startup [in /home/fthomas/Dokumente/Flask/microblog/app/__init__.py:36]
2014-05-20 15:51:42,738 INFO: microblog startup [in /home/fthomas/Dokumente/Flask/microblog/app/__init__.py:36]
2014-05-20 15:52:58,314 INFO: microblog startup [in /home/fthomas/Dokumente/Flask/microblog/app/__init__.py:36]
2014-05-20 15:53:00,300 ERROR: Exception on /index [GET] [in /home/fthomas/Dokumente/Flask/microblog/flask/lib/python2.7/site-packages/flask/app.py:1306]
Traceback (most recent call last):
  File "/home/fthomas/Dokumente/Flask/microblog/flask/lib/python2.7/site-packages/flask/app.py", line 1687, in wsgi_app
    response = self.full_dispatch_request()
  File "/home/fthomas/Dokumente/Flask/microblog/flask/lib/python2.7/site-packages/flask/app.py", line 1360, in full_dispatch_request
    rv = self.handle_user_exception(e)
  File "/home/fthomas/Dokumente/Flask/microblog/flask/lib/python2.7/site-packages/flask/app.py", line 1358, in full_dispatch_request
    rv = self.dispatch_request()
  File "/home/fthomas/Dokumente/Flask/microblog/flask/lib/python2.7/site-packages/flask/app.py", line 1344, in dispatch_request
    return self.view_functions[rule.endpoint](**req.view_args)
  File "/home/fthomas/Dokumente/Flask/microblog/flask/lib/python2.7/site-packages/flask_login.py", line 758, in decorated_view
    return func(*args, **kwargs)
  File "/home/fthomas/Dokumente/Flask/microblog/app/views.py", line 38, in index
    posts = posts)
  File "/home/fthomas/Dokumente/Flask/microblog/flask/lib/python2.7/site-packages/flask/templating.py", line 125, in render_template
    context, ctx.app)
  File "/home/fthomas/Dokumente/Flask/microblog/flask/lib/python2.7/site-packages/flask/templating.py", line 107, in _render
    rv = template.render(context)
  File "/home/fthomas/Dokumente/Flask/microblog/flask/lib/python2.7/site-packages/jinja2/environment.py", line 969, in render
    return self.environment.handle_exception(exc_info, True)
  File "/home/fthomas/Dokumente/Flask/microblog/flask/lib/python2.7/site-packages/jinja2/environment.py", line 742, in handle_exception
    reraise(exc_type, exc_value, tb)
  File "/home/fthomas/Dokumente/Flask/microblog/app/templates/index.html", line 2, in top-level template code
    {% extends "base.html" %}
  File "/home/fthomas/Dokumente/Flask/microblog/app/templates/base.html", line 27, in top-level template code
    {% block content %}{% endblock %}
  File "/home/fthomas/Dokumente/Flask/microblog/app/templates/index.html", line 7, in block "content"
    {{form.hidden_tag()}}
  File "/home/fthomas/Dokumente/Flask/microblog/flask/lib/python2.7/site-packages/jinja2/environment.py", line 397, in getattr
    return getattr(obj, attribute)
UndefinedError: 'form' is undefined
2014-05-20 15:53:05,418 ERROR: Exception on /index [GET] [in /home/fthomas/Dokumente/Flask/microblog/flask/lib/python2.7/site-packages/flask/app.py:1306]
Traceback (most recent call last):
  File "/home/fthomas/Dokumente/Flask/microblog/flask/lib/python2.7/site-packages/flask/app.py", line 1687, in wsgi_app
    response = self.full_dispatch_request()
  File "/home/fthomas/Dokumente/Flask/microblog/flask/lib/python2.7/site-packages/flask/app.py", line 1360, in full_dispatch_request
    rv = self.handle_user_exception(e)
  File "/home/fthomas/Dokumente/Flask/microblog/flask/lib/python2.7/site-packages/flask/app.py", line 1358, in full_dispatch_request
    rv = self.dispatch_request()
  File "/home/fthomas/Dokumente/Flask/microblog/flask/lib/python2.7/site-packages/flask/app.py", line 1344, in dispatch_request
    return self.view_functions[rule.endpoint](**req.view_args)
  File "/home/fthomas/Dokumente/Flask/microblog/flask/lib/python2.7/site-packages/flask_login.py", line 758, in decorated_view
    return func(*args, **kwargs)
  File "/home/fthomas/Dokumente/Flask/microblog/app/views.py", line 38, in index
    posts = posts)
  File "/home/fthomas/Dokumente/Flask/microblog/flask/lib/python2.7/site-packages/flask/templating.py", line 125, in render_template
    context, ctx.app)
  File "/home/fthomas/Dokumente/Flask/microblog/flask/lib/python2.7/site-packages/flask/templating.py", line 107, in _render
    rv = template.render(context)
  File "/home/fthomas/Dokumente/Flask/microblog/flask/lib/python2.7/site-packages/jinja2/environment.py", line 969, in render
    return self.environment.handle_exception(exc_info, True)
  File "/home/fthomas/Dokumente/Flask/microblog/flask/lib/python2.7/site-packages/jinja2/environment.py", line 742, in handle_exception
    reraise(exc_type, exc_value, tb)
  File "/home/fthomas/Dokumente/Flask/microblog/app/templates/index.html", line 2, in top-level template code
    {% extends "base.html" %}
  File "/home/fthomas/Dokumente/Flask/microblog/app/templates/base.html", line 27, in top-level template code
    {% block content %}{% endblock %}
  File "/home/fthomas/Dokumente/Flask/microblog/app/templates/index.html", line 7, in block "content"
    {{form.hidden_tag()}}
  File "/home/fthomas/Dokumente/Flask/microblog/flask/lib/python2.7/site-packages/jinja2/environment.py", line 397, in getattr
    return getattr(obj, attribute)
UndefinedError: 'form' is undefined
2014-05-20 15:53:44,934 INFO: microblog startup [in /home/fthomas/Dokumente/Flask/microblog/app/__init__.py:36]
2014-05-20 15:53:45,122 INFO: microblog startup [in /home/fthomas/Dokumente/Flask/microblog/app/__init__.py:36]
2014-05-20 15:54:39,022 INFO: microblog startup [in /home/fthomas/Dokumente/Flask/microblog/app/__init__.py:36]
2014-05-20 15:55:00,545 INFO: microblog startup [in /home/fthomas/Dokumente/Flask/microblog/app/__init__.py:36]
2014-05-20 15:55:26,119 INFO: microblog startup [in /home/fthomas/Dokumente/Flask/microblog/app/__init__.py:36]
2014-05-20 15:58:59,678 INFO: microblog startup [in /home/fthomas/Dokumente/Flask/microblog/app/__init__.py:36]
2014-05-20 15:59:43,423 INFO: microblog startup [in /home/fthomas/Dokumente/Flask/microblog/app/__init__.py:36]
2014-05-20 15:59:48,774 INFO: microblog startup [in /home/fthomas/Dokumente/Flask/microblog/app/__init__.py:36]
2014-05-20 16:03:02,098 INFO: microblog startup [in /home/fthomas/Dokumente/Flask/microblog/app/__init__.py:36]
2014-05-20 16:03:19,594 INFO: microblog startup [in /home/fthomas/Dokumente/Flask/microblog/app/__init__.py:36]
2014-05-20 16:03:23,957 INFO: microblog startup [in /home/fthomas/Dokumente/Flask/microblog/app/__init__.py:36]
2014-05-20 16:03:37,454 INFO: microblog startup [in /home/fthomas/Dokumente/Flask/microblog/app/__init__.py:36]
2014-05-20 16:03:47,862 INFO: microblog startup [in /home/fthomas/Dokumente/Flask/microblog/app/__init__.py:36]
2014-05-20 16:03:51,129 INFO: microblog startup [in /home/fthomas/Dokumente/Flask/microblog/app/__init__.py:36]
2014-05-20 16:05:23,331 INFO: microblog startup [in /home/fthomas/Dokumente/Flask/microblog/app/__init__.py:36]
2014-05-20 16:06:59,692 INFO: microblog startup [in /home/fthomas/Dokumente/Flask/microblog/app/__init__.py:36]
2014-05-21 12:43:06,337 INFO: microblog startup [in /home/fthomas/Dokumente/Flask/microblog/app/__init__.py:36]
2014-05-21 12:43:06,611 INFO: microblog startup [in /home/fthomas/Dokumente/Flask/microblog/app/__init__.py:36]
2014-05-21 12:48:21,244 INFO: microblog startup [in /home/fthomas/Dokumente/Flask/microblog/app/__init__.py:36]
2014-05-21 12:54:23,432 INFO: microblog startup [in /home/fthomas/Dokumente/Flask/microblog/app/__init__.py:36]
2014-05-21 12:58:40,288 INFO: microblog startup [in /home/fthomas/Dokumente/Flask/microblog/app/__init__.py:36]
2014-05-21 12:59:10,919 INFO: microblog startup [in /home/fthomas/Dokumente/Flask/microblog/app/__init__.py:36]
2014-05-21 13:03:44,960 INFO: microblog startup [in /home/fthomas/Dokumente/Flask/microblog/app/__init__.py:36]
2014-05-21 13:04:26,698 INFO: microblog startup [in /home/fthomas/Dokumente/Flask/microblog/app/__init__.py:36]
2014-05-21 13:04:45,237 INFO: microblog startup [in /home/fthomas/Dokumente/Flask/microblog/app/__init__.py:36]
2014-05-21 13:06:23,481 INFO: microblog startup [in app/__init__.py:36]
2014-05-21 13:12:20,518 INFO: microblog startup [in /home/fthomas/Dokumente/Flask/microblog/app/__init__.py:36]
2014-05-21 13:12:20,745 INFO: microblog startup [in /home/fthomas/Dokumente/Flask/microblog/app/__init__.py:36]
2014-05-21 13:15:14,190 INFO: microblog startup [in /home/fthomas/Dokumente/Flask/microblog/app/__init__.py:36]
2014-05-21 13:15:37,827 INFO: microblog startup [in /home/fthomas/Dokumente/Flask/microblog/app/__init__.py:36]
2014-05-21 13:16:38,899 INFO: microblog startup [in /home/fthomas/Dokumente/Flask/microblog/app/__init__.py:36]
2014-05-21 13:16:51,424 INFO: microblog startup [in /home/fthomas/Dokumente/Flask/microblog/app/__init__.py:36]
2014-05-21 13:19:45,899 INFO: microblog startup [in /home/fthomas/Dokumente/Flask/microblog/app/__init__.py:36]
2014-05-21 13:20:20,695 INFO: microblog startup [in /home/fthomas/Dokumente/Flask/microblog/app/__init__.py:36]
2014-05-21 13:20:28,148 INFO: microblog startup [in /home/fthomas/Dokumente/Flask/microblog/app/__init__.py:36]
2014-05-21 13:21:15,036 INFO: microblog startup [in /home/fthomas/Dokumente/Flask/microblog/app/__init__.py:36]
2014-05-22 22:35:33,136 INFO: microblog startup [in /home/fthomas/Dokumente/Flask/microblog/app/__init__.py:36]
2014-05-22 22:35:52,733 INFO: microblog startup [in /home/fthomas/Dokumente/Flask/microblog/app/__init__.py:36]
2014-05-22 22:36:19,336 INFO: microblog startup [in /home/fthomas/Dokumente/Flask/microblog/app/__init__.py:36]
2014-05-22 22:36:24,762 INFO: microblog startup [in /home/fthomas/Dokumente/Flask/microblog/app/__init__.py:36]
2014-05-22 22:37:07,675 INFO: microblog startup [in /home/fthomas/Dokumente/Flask/microblog/app/__init__.py:36]
2014-05-22 22:40:15,677 INFO: microblog startup [in app/__init__.py:36]
2014-05-22 22:42:29,813 INFO: microblog startup [in /home/fthomas/Dokumente/Flask/microblog/app/__init__.py:36]
2014-05-22 22:43:01,570 INFO: microblog startup [in /home/fthomas/Dokumente/Flask/microblog/app/__init__.py:36]
2014-05-22 22:43:06,995 INFO: microblog startup [in /home/fthomas/Dokumente/Flask/microblog/app/__init__.py:36]
2014-05-22 22:43:44,809 INFO: microblog startup [in /home/fthomas/Dokumente/Flask/microblog/app/__init__.py:36]
2014-05-22 22:43:46,219 INFO: microblog startup [in /home/fthomas/Dokumente/Flask/microblog/app/__init__.py:36]
2014-05-22 22:46:48,777 INFO: microblog startup [in /home/fthomas/Dokumente/Flask/microblog/app/__init__.py:36]
2014-05-22 22:49:54,151 INFO: microblog startup [in /home/fthomas/Dokumente/Flask/microblog/app/__init__.py:36]
2014-05-22 22:49:54,390 INFO: microblog startup [in /home/fthomas/Dokumente/Flask/microblog/app/__init__.py:36]
2014-05-22 22:50:32,213 INFO: microblog startup [in /home/fthomas/Dokumente/Flask/microblog/app/__init__.py:36]
2014-05-22 22:50:39,671 INFO: microblog startup [in /home/fthomas/Dokumente/Flask/microblog/app/__init__.py:36]
2014-05-22 22:52:42,974 INFO: microblog startup [in app/__init__.py:36]
2014-05-22 22:53:52,321 INFO: microblog startup [in /home/fthomas/Dokumente/Flask/microblog/app/__init__.py:36]
2014-05-22 22:54:54,109 INFO: microblog startup [in /home/fthomas/Dokumente/Flask/microblog/app/__init__.py:36]
2014-05-22 23:24:32,771 INFO: microblog startup [in /home/fthomas/Dokumente/Flask/microblog/app/__init__.py:36]
2014-05-22 23:24:33,033 INFO: microblog startup [in /home/fthomas/Dokumente/Flask/microblog/app/__init__.py:36]
2014-05-22 23:30:43,158 INFO: microblog startup [in /home/fthomas/Dokumente/Flask/microblog/app/__init__.py:36]
2014-05-22 23:30:43,400 INFO: microblog startup [in /home/fthomas/Dokumente/Flask/microblog/app/__init__.py:36]
2014-05-22 23:41:12,936 INFO: microblog startup [in /home/fthomas/Dokumente/Flask/microblog/app/__init__.py:39]
2014-05-22 23:41:13,178 INFO: microblog startup [in /home/fthomas/Dokumente/Flask/microblog/app/__init__.py:39]
